time="2024-03-15T21:21:31Z" level=info msg="ArgoCD Dex Server is starting" built="2024-03-01T21:24:51Z" commit=fcf5d8c2381b68ab1621b90be63913b12cca2eb7 namespace=argocd version=v2.10.2+fcf5d8c
time="2024-03-15T21:21:31Z" level=info msg="Generating self-signed TLS certificate for this session"
time="2024-03-15T21:21:31Z" level=info msg="Starting configmap/secret informers"
time="2024-03-15T21:21:32Z" level=info msg="Configmap/secret informer synced"
time="2024-03-15T21:21:32Z" level=info msg="0x4000d50420 subscribed to settings updates"
time="2024-03-15T21:21:32Z" level=info msg="dex is not configured"
time="2024-03-15T21:22:26Z" level=info msg="Notifying 1 settings subscribers: [0x4000d50420]"
time="2024-03-15T21:22:26Z" level=info msg="dex config unmodified"
time="2024-03-15T21:22:26Z" level=info msg="Notifying 1 settings subscribers: [0x4000d50420]"
time="2024-03-15T21:22:26Z" level=info msg="dex config unmodified"
time="2024-03-15T21:22:35Z" level=info msg="Notifying 1 settings subscribers: [0x4000d50420]"
time="2024-03-15T21:22:35Z" level=info msg="dex config unmodified"
time="2024-03-15T21:22:35Z" level=info msg="Notifying 1 settings subscribers: [0x4000d50420]"
time="2024-03-15T21:22:35Z" level=info msg="dex config unmodified"
time="2024-03-15T21:22:35Z" level=info msg="Notifying 1 settings subscribers: [0x4000d50420]"
time="2024-03-15T21:22:35Z" level=info msg="dex config unmodified"
time="2024-03-15T21:22:35Z" level=info msg="Notifying 1 settings subscribers: [0x4000d50420]"
time="2024-03-15T21:22:35Z" level=info msg="dex config unmodified"
time="2024-03-15T21:22:35Z" level=info msg="Notifying 1 settings subscribers: [0x4000d50420]"
time="2024-03-15T21:22:35Z" level=info msg="dex config unmodified"
time="2024-03-15T21:22:35Z" level=info msg="Notifying 1 settings subscribers: [0x4000d50420]"
time="2024-03-15T21:22:35Z" level=info msg="dex config unmodified"
time="2024-03-15T21:22:35Z" level=info msg="Notifying 1 settings subscribers: [0x4000d50420]"
time="2024-03-15T21:22:35Z" level=info msg="dex config unmodified"
time="2024-03-15T21:22:35Z" level=info msg="Notifying 1 settings subscribers: [0x4000d50420]"
time="2024-03-15T21:22:35Z" level=info msg="dex config unmodified"
time="2024-03-15T21:22:35Z" level=info msg="Notifying 1 settings subscribers: [0x4000d50420]"
time="2024-03-15T21:22:35Z" level=info msg="dex config unmodified"
time="2024-03-15T21:22:35Z" level=info msg="Notifying 1 settings subscribers: [0x4000d50420]"
time="2024-03-15T21:22:35Z" level=info msg="dex config unmodified"
time="2024-03-15T21:22:53Z" level=info msg="Notifying 1 settings subscribers: [0x4000d50420]"
time="2024-03-15T21:22:53Z" level=info msg="dex config unmodified"
time="2024-03-15T21:22:53Z" level=info msg="Notifying 1 settings subscribers: [0x4000d50420]"
time="2024-03-15T21:22:53Z" level=info msg="dex config unmodified"
time="2024-03-15T21:22:53Z" level=info msg="Notifying 1 settings subscribers: [0x4000d50420]"
time="2024-03-15T21:22:53Z" level=info msg="dex config unmodified"
time="2024-03-15T21:40:30Z" level=info msg="Notifying 1 settings subscribers: [0x4000d50420]"
time="2024-03-15T21:40:30Z" level=info msg="dex config unmodified"
time="2024-03-15T21:40:30Z" level=info msg="Notifying 1 settings subscribers: [0x4000d50420]"
time="2024-03-15T21:40:30Z" level=info msg="dex config unmodified"
time="2024-03-15T21:44:35Z" level=info msg="Notifying 1 settings subscribers: [0x4000d50420]"
time="2024-03-15T21:44:35Z" level=info msg="dex config unmodified"
time="2024-03-15T21:44:35Z" level=info msg="Notifying 1 settings subscribers: [0x4000d50420]"
time="2024-03-15T21:44:35Z" level=info msg="dex config unmodified"
time="2024-03-15T21:44:35Z" level=info msg="Notifying 1 settings subscribers: [0x4000d50420]"
time="2024-03-15T21:44:35Z" level=info msg="dex config unmodified"
time="2024-03-15T21:45:06Z" level=info msg="Notifying 1 settings subscribers: [0x4000d50420]"
time="2024-03-15T21:45:06Z" level=info msg="dex config unmodified"
time="2024-03-15T21:45:13Z" level=info msg="Notifying 1 settings subscribers: [0x4000d50420]"
time="2024-03-15T21:45:13Z" level=info msg="dex config unmodified"
time="2024-03-15T21:45:13Z" level=info msg="Notifying 1 settings subscribers: [0x4000d50420]"
time="2024-03-15T21:45:13Z" level=info msg="dex config unmodified"
time="2024-03-15T21:48:05Z" level=info msg="Notifying 1 settings subscribers: [0x4000d50420]"
time="2024-03-15T21:48:05Z" level=info msg="dex config unmodified"
time="2024-03-15T21:48:05Z" level=info msg="Notifying 1 settings subscribers: [0x4000d50420]"
time="2024-03-15T21:48:05Z" level=info msg="dex config unmodified"
time="2024-03-15T21:48:05Z" level=info msg="Notifying 1 settings subscribers: [0x4000d50420]"
time="2024-03-15T21:48:05Z" level=info msg="dex config unmodified"
